-- SAMPLE TRACE 1 --
<< case
>> 2 16 3 8 3 
<< read 0 0
>>       10       7
<< read 1 1
>>       11       4
<< move 1 1 2 0
<< move 0 1 2 1
<< write 2 0
** DISK 0:       4       7
<< move 0 0 2 0
<< move 1 0 2 1
<< write 2 1
** DISK 1:      10      11
<< read 2 0
>>       16       1
<< read 3 1
>>       13       3
<< move 0 1 2 0
<< move 1 1 2 1
<< write 2 2
** DISK 2:       1       3
<< move 1 0 2 0
<< move 0 0 2 1
<< write 2 3
** DISK 3:      13      16
<< read 4 0
>>        8       2
<< read 5 1
>>       15       5
<< move 0 1 2 0
<< move 1 1 2 1
<< write 2 4
** DISK 4:       2       5
<< move 0 0 2 0
<< move 1 0 2 1
<< write 2 5
** DISK 5:       8      15
<< read 6 0
>>        9      12
<< read 7 1
>>        6      14
<< move 1 0 2 0
<< move 0 0 2 1
<< write 2 6
** DISK 6:       6       9
<< move 0 1 2 0
<< move 1 1 2 1
<< write 2 7
** DISK 7:      12      14
<< read 0 0
>>        4       7
<< read 2 1
>>        1       3
<< move 1 0 2 0
<< move 1 1 2 1
<< read 3 1
>>       13      16
<< write 2 8
** DISK 8:       1       3
<< move 0 0 2 0
<< move 0 1 2 1
<< read 1 0
>>       10      11
<< write 2 9
** DISK 9:       4       7
<< move 0 0 2 0
<< move 0 1 2 1
<< write 2 10
** DISK 10:      10      11
<< move 1 0 2 0
<< move 1 1 2 1
<< write 2 11
** DISK 11:      13      16
<< read 4 0
>>        2       5
<< read 6 1
>>        6       9
<< move 0 0 2 0
<< move 0 1 2 1
<< read 5 0
>>        8      15
<< write 2 12
** DISK 12:       2       5
<< move 1 0 2 0
<< move 0 0 2 1
<< write 2 13
** DISK 13:       6       8
<< move 1 1 2 0
<< read 7 1
>>       12      14
<< move 1 0 2 1
<< write 2 14
** DISK 14:       9      12
<< move 1 1 2 0
<< move 0 1 2 1
<< write 2 15
** DISK 15:      14      15
<< read 8 0
>>        1       3
<< read 12 1
>>        2       5
<< move 0 0 2 0
<< move 1 0 2 1
<< write 2 0
** DISK 0:       1       2
<< move 0 1 2 0
<< read 9 0
>>        4       7
<< move 0 0 2 1
<< write 2 1
** DISK 1:       3       4
<< move 1 1 2 0
<< read 13 1
>>        6       8
<< move 1 0 2 1
<< write 2 2
** DISK 2:       5       6
<< move 0 1 2 0
<< read 10 0
>>       10      11
<< move 1 1 2 1
<< read 14 1
>>        9      12
<< write 2 3
** DISK 3:       7       8
<< move 1 0 2 0
<< move 0 0 2 1
<< write 2 4
** DISK 4:       9      10
<< move 0 1 2 0
<< read 11 0
>>       13      16
<< move 1 1 2 1
<< read 15 1
>>       14      15
<< write 2 5
** DISK 5:      11      12
<< move 0 0 2 0
<< move 1 0 2 1
<< write 2 6
** DISK 6:      13      14
<< move 1 1 2 0
<< move 0 1 2 1
<< write 2 7
** DISK 7:      15      16
<< case
** 24 blocks read out of 24 allowed
** 24 blocks written out of 24 allowed
OK
>> 0 0 0 0 0
